Start testing: Feb 16 16:46 CET
----------------------------------------------------------
1/1 Testing: RunTests
1/1 Test: RunTests
Command: "/Users/tmey/code/tnet/bin/tnet_test"
Directory: /Users/tmey/code/tnet
"RunTests" start time: Feb 16 16:46 CET
Output:
----------------------------------------------------------
[1;38;5;2m>> [m[1;38;5;2mRunning tests[m
test_from_1dim_array                               ✅
test_from_2dim_array                               ✅
test_from_3dim_array                               ✅
test_vector_transpose                              ✅
test_mat_transpose                                 ✅
test_calc_strides                                  ✅
test_get_flat_index                                ✅
test_get_indices                                   ✅
test_mul_vec_vec_transpose                         ✅
test_mul_vec_tranpose_vec                          ✅
test_mul_vec_tranpose_vec_fixed                    ✅
test_mul_mat_vec                                   ✅
test_mul_mat_mat                                   ✅
test_append_dim                                    ✅
test_flatten_dims                                  ✅
<end of output>
Test time =   0.15 sec
----------------------------------------------------------
Test Passed.
"RunTests" end time: Feb 16 16:46 CET
"RunTests" time elapsed: 00:00:00
----------------------------------------------------------

End testing: Feb 16 16:46 CET
